[2024-02-14 03:16:08] [1] [WARN] Reporting disabled: using no op test run registrar
[2024-02-14 03:16:08] [1] [INFO] TEST [SolvdTestingProject - verifyButtonWidthTest] STARTED at [18:16:08 2024-02-14]
[2024-02-14 03:16:08] [1] [INFO] Starting driver session...
[2024-02-14 03:16:14] [1] [INFO] Driver session started.
[2024-02-14 03:16:55] [1] [INFO] Keys 'Ноутбуки' are sent to element 'searchInput'.
[2024-02-14 03:17:30] [1] [ERROR] FAIL: click - waitCondition for element 'firstNeededItem (By.xpath: //div[@class='result__item result__item_product'])' not satisfied!
[2024-02-14 03:17:31] [1] [ERROR] TEST [SolvdTestingProject - verifyButtonWidthTest] FAILED at [18:17:31 2024-02-14] - no such element By.xpath: //div[@class='result__item result__item_product']
For documentation on this error, please visit: https://www.selenium.dev/documentation/webdriver/troubleshooting/errors#no-such-element-exception
Build info: version: '4.13.0', revision: 'ba948ece5b*'
System info: os.name: 'Mac OS X', os.arch: 'x86_64', os.version: '14.2.1', java.version: '21.0.1'
Driver info: driver.version: unknown

com.zebrunner.carina.webdriver.decorator.ExtendedWebElement.findElement(ExtendedWebElement.java:1790)
com.zebrunner.carina.webdriver.decorator.ExtendedWebElement.doAction(ExtendedWebElement.java:1463)
com.zebrunner.carina.webdriver.decorator.ExtendedWebElement.doAction(ExtendedWebElement.java:1441)
com.zebrunner.carina.webdriver.decorator.ExtendedWebElement.click(ExtendedWebElement.java:743)
com.zebrunner.carina.webdriver.decorator.ExtendedWebElement.click(ExtendedWebElement.java:723)
com.zebrunner.carina.webdriver.decorator.ExtendedWebElement.click(ExtendedWebElement.java:705)
com.solvd.testingProject.web.pages.onliner.onlinerComponents.OnlinerHeader.clickFirstNeededItemFromTheSearchInput(OnlinerHeader.java:30)
com.solvd.testingProject.web.service.onlinerService.OnlinerHeaderService.typeInAndFindAnItem(OnlinerHeaderService.java:14)
com.solvd.testingProject.webTests.OnlinerTest.verifyButtonWidthTest(OnlinerTest.java:18)
java.base/jdk.internal.reflect.DirectMethodHandleAccessor.invoke(DirectMethodHandleAccessor.java:103)
java.base/java.lang.reflect.Method.invoke(Method.java:580)
org.testng.internal.invokers.MethodInvocationHelper.invokeMethod(MethodInvocationHelper.java:139)
org.testng.internal.invokers.TestInvoker.invokeMethod(TestInvoker.java:664)
org.testng.internal.invokers.TestInvoker.invokeTestMethod(TestInvoker.java:228)
org.testng.internal.invokers.MethodRunner.runInSequence(MethodRunner.java:63)
org.testng.internal.invokers.TestInvoker$MethodInvocationAgent.invoke(TestInvoker.java:961)
org.testng.internal.invokers.TestInvoker.invokeTestMethods(TestInvoker.java:201)
org.testng.internal.invokers.TestMethodWorker.invokeTestMethods(TestMethodWorker.java:148)
org.testng.internal.invokers.TestMethodWorker.run(TestMethodWorker.java:128)
java.base/java.util.ArrayList.forEach(ArrayList.java:1596)
org.testng.TestRunner.privateRun(TestRunner.java:819)
org.testng.TestRunner.run(TestRunner.java:619)
org.testng.SuiteRunner.runTest(SuiteRunner.java:443)
org.testng.SuiteRunner.runSequentially(SuiteRunner.java:437)
org.testng.SuiteRunner.privateRun(SuiteRunner.java:397)
org.testng.SuiteRunner.run(SuiteRunner.java:336)
org.testng.SuiteRunnerWorker.runSuite(SuiteRunnerWorker.java:52)
org.testng.SuiteRunnerWorker.run(SuiteRunnerWorker.java:95)
org.testng.TestNG.runSuitesSequentially(TestNG.java:1301)
org.testng.TestNG.runSuitesLocally(TestNG.java:1228)
org.testng.TestNG.runSuites(TestNG.java:1134)
org.testng.TestNG.run(TestNG.java:1101)
com.intellij.rt.testng.IDEARemoteTestNG.run(IDEARemoteTestNG.java:66)
com.intellij.rt.testng.RemoteTestNGStarter.main(RemoteTestNGStarter.java:105)
