[2024-02-14 03:24:28] [1] [WARN] Reporting disabled: using no op test run registrar
[2024-02-14 03:24:28] [1] [INFO] TEST [SolvdTestingProject - verifyButtonWidthTest] STARTED at [18:24:28 2024-02-14]
[2024-02-14 03:24:28] [1] [INFO] Starting driver session...
[2024-02-14 03:24:33] [1] [INFO] Driver session started.
[2024-02-14 03:25:07] [1] [INFO] Keys 'Ноутбуки' are sent to element 'searchInput'.
[2024-02-14 03:25:21] [1] [INFO] returned first but found 10 elements by locator: By.xpath: //div[@class='result__item result__item_product']
[2024-02-14 03:25:24] [1] [INFO] Element 'firstNeededItem' is clicked.
[2024-02-14 03:27:25] [1] [INFO] returned first but found 6 elements by locator: By.xpath: //div/a[contains(text(),'Купить сейчас')]
[2024-02-14 03:27:30] [1] [INFO] returned first but found 6 elements by locator: By.xpath: //div/a[contains(text(),'Купить сейчас')]
[2024-02-14 03:27:30] [1] [INFO] returned first but found 6 elements by locator: By.xpath: //div/a[contains(text(),'В корзину')]
[2024-02-14 03:27:45] [1] [INFO] returned first but found 6 elements by locator: By.xpath: //div/a[contains(text(),'В корзину')]
[2024-02-14 03:27:46] [1] [INFO] returned first but found 6 elements by locator: By.xpath: //div/a[contains(text(),'В корзину')]
[2024-02-14 03:27:46] [1] [INFO] returned first but found 6 elements by locator: By.xpath: //div/a[contains(text(),'Купить сейчас')]
[2024-02-14 03:27:47] [1] [ERROR] TEST [SolvdTestingProject - verifyButtonWidthTest] FAILED at [18:27:47 2024-02-14] - expected [true] but found [false]

org.testng.Assert.fail(Assert.java:111)
org.testng.Assert.failNotEquals(Assert.java:1578)
org.testng.Assert.assertTrue(Assert.java:57)
org.testng.Assert.assertTrue(Assert.java:67)
com.solvd.testingProject.webTests.OnlinerTest.verifyButtonWidthTest(OnlinerTest.java:20)
java.base/jdk.internal.reflect.DirectMethodHandleAccessor.invoke(DirectMethodHandleAccessor.java:103)
java.base/java.lang.reflect.Method.invoke(Method.java:580)
org.testng.internal.invokers.MethodInvocationHelper.invokeMethod(MethodInvocationHelper.java:139)
org.testng.internal.invokers.TestInvoker.invokeMethod(TestInvoker.java:664)
org.testng.internal.invokers.TestInvoker.invokeTestMethod(TestInvoker.java:228)
org.testng.internal.invokers.MethodRunner.runInSequence(MethodRunner.java:63)
org.testng.internal.invokers.TestInvoker$MethodInvocationAgent.invoke(TestInvoker.java:961)
org.testng.internal.invokers.TestInvoker.invokeTestMethods(TestInvoker.java:201)
org.testng.internal.invokers.TestMethodWorker.invokeTestMethods(TestMethodWorker.java:148)
org.testng.internal.invokers.TestMethodWorker.run(TestMethodWorker.java:128)
java.base/java.util.ArrayList.forEach(ArrayList.java:1596)
org.testng.TestRunner.privateRun(TestRunner.java:819)
org.testng.TestRunner.run(TestRunner.java:619)
org.testng.SuiteRunner.runTest(SuiteRunner.java:443)
org.testng.SuiteRunner.runSequentially(SuiteRunner.java:437)
org.testng.SuiteRunner.privateRun(SuiteRunner.java:397)
org.testng.SuiteRunner.run(SuiteRunner.java:336)
org.testng.SuiteRunnerWorker.runSuite(SuiteRunnerWorker.java:52)
org.testng.SuiteRunnerWorker.run(SuiteRunnerWorker.java:95)
org.testng.TestNG.runSuitesSequentially(TestNG.java:1301)
org.testng.TestNG.runSuitesLocally(TestNG.java:1228)
org.testng.TestNG.runSuites(TestNG.java:1134)
org.testng.TestNG.run(TestNG.java:1101)
com.intellij.rt.testng.IDEARemoteTestNG.run(IDEARemoteTestNG.java:66)
com.intellij.rt.testng.RemoteTestNGStarter.main(RemoteTestNGStarter.java:105)
